<testsuites id="" name="" tests="2" failures="0" skipped="0" errors="0" time="69.996208">
<testsuite name="setup.setup.ts" timestamp="2025-08-08T05:22:09.178Z" hostname="setup" tests="1" failures="0" skipped="0" time="3.961" errors="0">
<testcase name="Environment setup and validation" classname="setup.setup.ts" time="3.961">
<system-out>
<![CDATA[2025-08-08 10:52:10 [[32MINFO[39M] [FileUtils] All required directories initialized
âœ… Environment setup completed successfully
âœ… Application connectivity verified
]]>
</system-out>
</testcase>
</testsuite>
<testsuite name="user-management.spec.ts" timestamp="2025-08-08T05:22:09.178Z" hostname="critical" tests="1" failures="0" skipped="0" time="55.192" errors="0">
<testcase name="User Management Tests - @digitalmesh.com Domain â€º ðŸ”¥ Critical Path Tests @critical @smoke â€º Navigate to Users Info via Core Data menu @navigation @critical" classname="user-management.spec.ts" time="55.192">
<system-out>
<![CDATA[Setup: Login to ERP system
2025-08-08 10:52:15 [[32MINFO[39M] [LoginPage] Navigating to: https://training.bt-ms.com/MAIN-STAGE/erp.php/login
2025-08-08 10:52:19 [[32MINFO[39M] [LoginPage] Navigated to login page
2025-08-08 10:52:19 [[32MINFO[39M] [LoginPage] Attempting to login with username: jibin
2025-08-08 10:52:19 [[32MINFO[39M] [LoginPage] Successfully filled text in input field
2025-08-08 10:52:19 [[32MINFO[39M] [LoginPage] Successfully filled text in input field
2025-08-08 10:52:22 [[32MINFO[39M] [LoginPage] Successfully clicked on element
2025-08-08 10:52:22 [[32MINFO[39M] [LoginPage] Login form submitted
2025-08-08 10:52:24 [[32MINFO[39M] [LoginPage] Login successful - Current URL: https://training.bt-ms.com/MAIN-STAGE/Welcome.php
Setup completed - User logged in successfully
Test: Navigate to Users Info page
2025-08-08 10:52:24 [[32MINFO[39M] [UserManagementPage] STEP: Navigate to Users Info via Core Data menu
2025-08-08 10:52:54 [[31MERROR[39M] [UserManagementPage] Failed to click element: TimeoutError: locator.waitFor: Timeout 30000ms exceeded.
Call log:
[2m  - waiting for getByRole('link', { name: 'Core Data Â»' }) to be visible[22m

2025-08-08 10:52:54 [[32MINFO[39M] [UserManagementPage] Screenshot taken: click-error-1754630574235.png
Test failed. Screenshot saved: failure-Navigate-to-Users-Info-via-Core-Data-menu--navigation--critical-1754630574501.png
Test completed: Navigate to Users Info via Core Data menu @navigation @critical - failed

[[ATTACHMENT|..\test-results\user-management-User-Manag-0accc-ta-menu-navigation-critical-critical\test-failed-1.png]]

[[ATTACHMENT|..\test-results\user-management-User-Manag-0accc-ta-menu-navigation-critical-critical\video.webm]]

[[ATTACHMENT|..\test-results\user-management-User-Manag-0accc-ta-menu-navigation-critical-critical\error-context.md]]
Setup: Login to ERP system
2025-08-08 10:52:57 [[32MINFO[39M] [LoginPage] Navigating to: https://training.bt-ms.com/MAIN-STAGE/erp.php/login
2025-08-08 10:53:01 [[32MINFO[39M] [LoginPage] Navigated to login page
2025-08-08 10:53:01 [[32MINFO[39M] [LoginPage] Attempting to login with username: jibin
2025-08-08 10:53:01 [[32MINFO[39M] [LoginPage] Successfully filled text in input field
2025-08-08 10:53:01 [[32MINFO[39M] [LoginPage] Successfully filled text in input field
2025-08-08 10:53:04 [[32MINFO[39M] [LoginPage] Successfully clicked on element
2025-08-08 10:53:04 [[32MINFO[39M] [LoginPage] Login form submitted
2025-08-08 10:53:06 [[32MINFO[39M] [LoginPage] Login successful - Current URL: https://training.bt-ms.com/MAIN-STAGE/Welcome.php
Setup completed - User logged in successfully
Test: Navigate to Users Info page
2025-08-08 10:53:06 [[32MINFO[39M] [UserManagementPage] STEP: Navigate to Users Info via Core Data menu
2025-08-08 10:53:06 [[32MINFO[39M] [UserManagementPage] Successfully clicked on element
2025-08-08 10:53:08 [[32MINFO[39M] [UserManagementPage] Successfully clicked on element
2025-08-08 10:53:11 [[32MINFO[39M] [UserManagementPage] STEP: Successfully navigated to Users Info page
Successfully navigated to Users Info page
Test completed: Navigate to Users Info via Core Data menu @navigation @critical - passed

[[ATTACHMENT|..\test-results\user-management-User-Manag-0accc-ta-menu-navigation-critical-critical-retry1\trace.zip]]
]]>
</system-out>
</testcase>
</testsuite>
</testsuites>